2024/12/03 11:25:17 [notice] 1#1: using the "epoll" event method
2024/12/03 11:25:17 [notice] 1#1: nginx/1.27.2
2024/12/03 11:25:17 [notice] 1#1: built by gcc 12.2.0 (Debian 12.2.0-14) 
2024/12/03 11:25:17 [notice] 1#1: OS: Linux 6.6.32-linuxkit
2024/12/03 11:25:17 [notice] 1#1: getrlimit(RLIMIT_NOFILE): 1048576:1048576
2024/12/03 11:25:17 [notice] 1#1: start worker processes
2024/12/03 11:25:17 [notice] 1#1: start worker process 20
2024/12/03 11:25:17 [notice] 1#1: start worker process 21
2024/12/03 11:25:17 [notice] 1#1: start worker process 22
2024/12/03 11:25:17 [notice] 1#1: start worker process 23
2024/12/03 11:25:17 [notice] 1#1: start worker process 24
2024/12/03 11:25:17 [notice] 1#1: start worker process 25
2024/12/03 11:25:17 [notice] 1#1: start worker process 26
2024/12/03 11:25:17 [notice] 1#1: start worker process 27
2024/12/03 14:33:24 [notice] 1#1: signal 3 (SIGQUIT) received, shutting down
2024/12/03 14:33:24 [notice] 20#20: gracefully shutting down
2024/12/03 14:33:24 [notice] 21#21: gracefully shutting down
2024/12/03 14:33:24 [notice] 22#22: gracefully shutting down
2024/12/03 14:33:24 [notice] 23#23: gracefully shutting down
2024/12/03 14:33:24 [notice] 24#24: gracefully shutting down
2024/12/03 14:33:24 [notice] 26#26: gracefully shutting down
2024/12/03 14:33:24 [notice] 20#20: exiting
2024/12/03 14:33:24 [notice] 22#22: exiting
2024/12/03 14:33:24 [notice] 20#20: exit
2024/12/03 14:33:24 [notice] 25#25: gracefully shutting down
2024/12/03 14:33:24 [notice] 27#27: gracefully shutting down
2024/12/03 14:33:24 [notice] 21#21: exiting
2024/12/03 14:33:24 [notice] 24#24: exiting
2024/12/03 14:33:24 [notice] 22#22: exit
2024/12/03 14:33:24 [notice] 26#26: exiting
2024/12/03 14:33:24 [notice] 25#25: exiting
2024/12/03 14:33:24 [notice] 26#26: exit
2024/12/03 14:33:24 [notice] 27#27: exiting
2024/12/03 14:33:24 [notice] 23#23: exiting
2024/12/03 14:33:24 [notice] 21#21: exit
2024/12/03 14:33:24 [notice] 24#24: exit
2024/12/03 14:33:24 [notice] 25#25: exit
2024/12/03 14:33:24 [notice] 27#27: exit
2024/12/03 14:33:24 [notice] 23#23: exit
2024/12/03 14:33:24 [notice] 1#1: signal 17 (SIGCHLD) received from 22
2024/12/03 14:33:24 [notice] 1#1: worker process 21 exited with code 0
2024/12/03 14:33:24 [notice] 1#1: worker process 22 exited with code 0
2024/12/03 14:33:24 [notice] 1#1: worker process 23 exited with code 0
2024/12/03 14:33:24 [notice] 1#1: worker process 24 exited with code 0
2024/12/03 14:33:24 [notice] 1#1: worker process 20 exited with code 0
2024/12/03 14:33:24 [notice] 1#1: worker process 25 exited with code 0
2024/12/03 14:33:24 [notice] 1#1: worker process 26 exited with code 0
2024/12/03 14:33:24 [notice] 1#1: worker process 27 exited with code 0
2024/12/03 14:33:24 [notice] 1#1: exit
2024/12/04 04:18:01 [notice] 1#1: using the "epoll" event method
2024/12/04 04:18:01 [notice] 1#1: nginx/1.27.2
2024/12/04 04:18:01 [notice] 1#1: built by gcc 12.2.0 (Debian 12.2.0-14) 
2024/12/04 04:18:01 [notice] 1#1: OS: Linux 6.6.32-linuxkit
2024/12/04 04:18:01 [notice] 1#1: getrlimit(RLIMIT_NOFILE): 1048576:1048576
2024/12/04 04:18:01 [notice] 1#1: start worker processes
2024/12/04 04:18:01 [notice] 1#1: start worker process 20
2024/12/04 04:18:01 [notice] 1#1: start worker process 21
2024/12/04 04:18:01 [notice] 1#1: start worker process 22
2024/12/04 04:18:01 [notice] 1#1: start worker process 23
2024/12/04 04:18:01 [notice] 1#1: start worker process 24
2024/12/04 04:18:01 [notice] 1#1: start worker process 25
2024/12/04 04:18:01 [notice] 1#1: start worker process 26
2024/12/04 04:18:01 [notice] 1#1: start worker process 27
2024/12/04 12:49:33 [notice] 1#1: signal 3 (SIGQUIT) received, shutting down
2024/12/04 12:49:33 [notice] 20#20: gracefully shutting down
2024/12/04 12:49:33 [notice] 21#21: gracefully shutting down
2024/12/04 12:49:33 [notice] 23#23: gracefully shutting down
2024/12/04 12:49:33 [notice] 25#25: gracefully shutting down
2024/12/04 12:49:33 [notice] 25#25: exiting
2024/12/04 12:49:33 [notice] 26#26: gracefully shutting down
2024/12/04 12:49:33 [notice] 25#25: exit
2024/12/04 12:49:33 [notice] 27#27: gracefully shutting down
2024/12/04 12:49:33 [notice] 22#22: gracefully shutting down
2024/12/04 12:49:33 [notice] 24#24: gracefully shutting down
2024/12/04 12:49:33 [notice] 26#26: exiting
2024/12/04 12:49:33 [notice] 20#20: exiting
2024/12/04 12:49:33 [notice] 23#23: exiting
2024/12/04 12:49:33 [notice] 26#26: exit
2024/12/04 12:49:33 [notice] 21#21: exiting
2024/12/04 12:49:33 [notice] 27#27: exiting
2024/12/04 12:49:33 [notice] 27#27: exit
2024/12/04 12:49:33 [notice] 20#20: exit
2024/12/04 12:49:33 [notice] 23#23: exit
2024/12/04 12:49:33 [notice] 21#21: exit
2024/12/04 12:49:33 [notice] 24#24: exiting
2024/12/04 12:49:33 [notice] 24#24: exit
2024/12/04 12:49:33 [notice] 22#22: exiting
2024/12/04 12:49:33 [notice] 22#22: exit
2024/12/04 12:49:33 [notice] 1#1: signal 17 (SIGCHLD) received from 26
2024/12/04 12:49:33 [notice] 1#1: worker process 26 exited with code 0
2024/12/04 12:49:33 [notice] 1#1: signal 29 (SIGIO) received
2024/12/04 12:49:33 [notice] 1#1: signal 17 (SIGCHLD) received from 20
2024/12/04 12:49:33 [notice] 1#1: worker process 20 exited with code 0
2024/12/04 12:49:33 [notice] 1#1: signal 29 (SIGIO) received
2024/12/04 12:49:33 [notice] 1#1: signal 17 (SIGCHLD) received from 27
2024/12/04 12:49:33 [notice] 1#1: worker process 25 exited with code 0
2024/12/04 12:49:33 [notice] 1#1: worker process 27 exited with code 0
2024/12/04 12:49:33 [notice] 1#1: signal 29 (SIGIO) received
2024/12/04 12:49:33 [notice] 1#1: signal 17 (SIGCHLD) received from 25
2024/12/04 12:49:33 [notice] 1#1: worker process 24 exited with code 0
2024/12/04 12:49:33 [notice] 1#1: signal 29 (SIGIO) received
2024/12/04 12:49:33 [notice] 1#1: signal 17 (SIGCHLD) received from 24
2024/12/04 12:49:33 [notice] 1#1: signal 17 (SIGCHLD) received from 23
2024/12/04 12:49:33 [notice] 1#1: worker process 23 exited with code 0
2024/12/04 12:49:33 [notice] 1#1: signal 29 (SIGIO) received
2024/12/04 12:49:33 [notice] 1#1: signal 17 (SIGCHLD) received from 22
2024/12/04 12:49:33 [notice] 1#1: worker process 21 exited with code 0
2024/12/04 12:49:33 [notice] 1#1: worker process 22 exited with code 0
2024/12/04 12:49:33 [notice] 1#1: exit
2024/12/05 04:45:38 [notice] 1#1: using the "epoll" event method
2024/12/05 04:45:38 [notice] 1#1: nginx/1.27.2
2024/12/05 04:45:38 [notice] 1#1: built by gcc 12.2.0 (Debian 12.2.0-14) 
2024/12/05 04:45:38 [notice] 1#1: OS: Linux 6.6.32-linuxkit
2024/12/05 04:45:38 [notice] 1#1: getrlimit(RLIMIT_NOFILE): 1048576:1048576
2024/12/05 04:45:38 [notice] 1#1: start worker processes
2024/12/05 04:45:38 [notice] 1#1: start worker process 20
2024/12/05 04:45:38 [notice] 1#1: start worker process 21
2024/12/05 04:45:38 [notice] 1#1: start worker process 22
2024/12/05 04:45:38 [notice] 1#1: start worker process 23
2024/12/05 04:45:38 [notice] 1#1: start worker process 24
2024/12/05 04:45:38 [notice] 1#1: start worker process 25
2024/12/05 04:45:38 [notice] 1#1: start worker process 26
2024/12/05 04:45:38 [notice] 1#1: start worker process 27
2024/12/05 08:43:38 [notice] 1#1: signal 3 (SIGQUIT) received, shutting down
2024/12/05 08:43:38 [notice] 20#20: gracefully shutting down
2024/12/05 08:43:38 [notice] 21#21: gracefully shutting down
2024/12/05 08:43:38 [notice] 23#23: gracefully shutting down
2024/12/05 08:43:38 [notice] 24#24: gracefully shutting down
2024/12/05 08:43:38 [notice] 26#26: gracefully shutting down
2024/12/05 08:43:38 [notice] 25#25: gracefully shutting down
2024/12/05 08:43:38 [notice] 27#27: gracefully shutting down
2024/12/05 08:43:38 [notice] 27#27: exiting
2024/12/05 08:43:38 [notice] 22#22: gracefully shutting down
2024/12/05 08:43:38 [notice] 20#20: exiting
2024/12/05 08:43:38 [notice] 25#25: exiting
2024/12/05 08:43:38 [notice] 22#22: exiting
2024/12/05 08:43:38 [notice] 21#21: exiting
2024/12/05 08:43:38 [notice] 26#26: exiting
2024/12/05 08:43:38 [notice] 23#23: exiting
2024/12/05 08:43:38 [notice] 26#26: exit
2024/12/05 08:43:38 [notice] 24#24: exiting
2024/12/05 08:43:38 [notice] 21#21: exit
2024/12/05 08:43:38 [notice] 24#24: exit
2024/12/05 08:43:38 [notice] 27#27: exit
2024/12/05 08:43:38 [notice] 20#20: exit
2024/12/05 08:43:38 [notice] 25#25: exit
2024/12/05 08:43:38 [notice] 22#22: exit
2024/12/05 08:43:38 [notice] 23#23: exit
2024/12/05 08:43:38 [notice] 1#1: signal 17 (SIGCHLD) received from 26
2024/12/05 08:43:38 [notice] 1#1: worker process 26 exited with code 0
2024/12/05 08:43:38 [notice] 1#1: signal 29 (SIGIO) received
2024/12/05 08:43:38 [notice] 1#1: signal 17 (SIGCHLD) received from 20
2024/12/05 08:43:38 [notice] 1#1: worker process 20 exited with code 0
2024/12/05 08:43:38 [notice] 1#1: worker process 23 exited with code 0
2024/12/05 08:43:38 [notice] 1#1: worker process 24 exited with code 0
2024/12/05 08:43:38 [notice] 1#1: signal 29 (SIGIO) received
2024/12/05 08:43:38 [notice] 1#1: signal 17 (SIGCHLD) received from 23
2024/12/05 08:43:38 [notice] 1#1: signal 17 (SIGCHLD) received from 25
2024/12/05 08:43:38 [notice] 1#1: worker process 25 exited with code 0
2024/12/05 08:43:38 [notice] 1#1: worker process 27 exited with code 0
2024/12/05 08:43:38 [notice] 1#1: signal 29 (SIGIO) received
2024/12/05 08:43:38 [notice] 1#1: signal 17 (SIGCHLD) received from 27
2024/12/05 08:43:38 [notice] 1#1: worker process 21 exited with code 0
2024/12/05 08:43:38 [notice] 1#1: worker process 22 exited with code 0
2024/12/05 08:43:38 [notice] 1#1: exit
2024/12/05 09:40:24 [notice] 1#1: using the "epoll" event method
2024/12/05 09:40:24 [notice] 1#1: nginx/1.27.2
2024/12/05 09:40:24 [notice] 1#1: built by gcc 12.2.0 (Debian 12.2.0-14) 
2024/12/05 09:40:24 [notice] 1#1: OS: Linux 6.6.32-linuxkit
2024/12/05 09:40:24 [notice] 1#1: getrlimit(RLIMIT_NOFILE): 1048576:1048576
2024/12/05 09:40:24 [notice] 1#1: start worker processes
2024/12/05 09:40:24 [notice] 1#1: start worker process 20
2024/12/05 09:40:24 [notice] 1#1: start worker process 21
2024/12/05 09:40:24 [notice] 1#1: start worker process 22
2024/12/05 09:40:24 [notice] 1#1: start worker process 23
2024/12/05 09:40:24 [notice] 1#1: start worker process 24
2024/12/05 09:40:24 [notice] 1#1: start worker process 25
2024/12/05 09:40:24 [notice] 1#1: start worker process 26
2024/12/05 09:40:24 [notice] 1#1: start worker process 27
2024/12/05 12:52:41 [notice] 1#1: signal 3 (SIGQUIT) received, shutting down
2024/12/05 12:52:41 [notice] 20#20: gracefully shutting down
2024/12/05 12:52:41 [notice] 21#21: gracefully shutting down
2024/12/05 12:52:41 [notice] 22#22: gracefully shutting down
2024/12/05 12:52:41 [notice] 21#21: exiting
2024/12/05 12:52:41 [notice] 20#20: exiting
2024/12/05 12:52:41 [notice] 23#23: gracefully shutting down
2024/12/05 12:52:41 [notice] 22#22: exiting
2024/12/05 12:52:41 [notice] 27#27: gracefully shutting down
2024/12/05 12:52:41 [notice] 25#25: gracefully shutting down
2024/12/05 12:52:41 [notice] 24#24: gracefully shutting down
2024/12/05 12:52:41 [notice] 27#27: exiting
2024/12/05 12:52:41 [notice] 26#26: gracefully shutting down
2024/12/05 12:52:41 [notice] 21#21: exit
2024/12/05 12:52:41 [notice] 22#22: exit
2024/12/05 12:52:41 [notice] 26#26: exiting
2024/12/05 12:52:41 [notice] 20#20: exit
2024/12/05 12:52:41 [notice] 26#26: exit
2024/12/05 12:52:41 [notice] 25#25: exiting
2024/12/05 12:52:41 [notice] 27#27: exit
2024/12/05 12:52:41 [notice] 23#23: exiting
2024/12/05 12:52:41 [notice] 23#23: exit
2024/12/05 12:52:41 [notice] 24#24: exiting
2024/12/05 12:52:41 [notice] 25#25: exit
2024/12/05 12:52:41 [notice] 24#24: exit
2024/12/05 12:52:41 [notice] 1#1: signal 17 (SIGCHLD) received from 21
2024/12/05 12:52:41 [notice] 1#1: worker process 21 exited with code 0
2024/12/05 12:52:41 [notice] 1#1: worker process 22 exited with code 0
2024/12/05 12:52:41 [notice] 1#1: worker process 23 exited with code 0
2024/12/05 12:52:41 [notice] 1#1: worker process 24 exited with code 0
2024/12/05 12:52:41 [notice] 1#1: worker process 25 exited with code 0
2024/12/05 12:52:41 [notice] 1#1: worker process 26 exited with code 0
2024/12/05 12:52:41 [notice] 1#1: worker process 27 exited with code 0
2024/12/05 12:52:41 [notice] 1#1: signal 29 (SIGIO) received
2024/12/05 12:52:41 [notice] 1#1: signal 17 (SIGCHLD) received from 22
2024/12/05 12:52:41 [notice] 1#1: signal 17 (SIGCHLD) received from 20
2024/12/05 12:52:41 [notice] 1#1: worker process 20 exited with code 0
2024/12/05 12:52:41 [notice] 1#1: exit
2024/12/05 15:53:57 [notice] 1#1: using the "epoll" event method
2024/12/05 15:53:57 [notice] 1#1: nginx/1.27.2
2024/12/05 15:53:57 [notice] 1#1: built by gcc 12.2.0 (Debian 12.2.0-14) 
2024/12/05 15:53:57 [notice] 1#1: OS: Linux 6.6.32-linuxkit
2024/12/05 15:53:57 [notice] 1#1: getrlimit(RLIMIT_NOFILE): 1048576:1048576
2024/12/05 15:53:57 [notice] 1#1: start worker processes
2024/12/05 15:53:57 [notice] 1#1: start worker process 20
2024/12/05 15:53:57 [notice] 1#1: start worker process 21
2024/12/05 15:53:57 [notice] 1#1: start worker process 22
2024/12/05 15:53:57 [notice] 1#1: start worker process 23
2024/12/05 15:53:57 [notice] 1#1: start worker process 24
2024/12/05 15:53:57 [notice] 1#1: start worker process 25
2024/12/05 15:53:57 [notice] 1#1: start worker process 26
2024/12/05 15:53:57 [notice] 1#1: start worker process 27
2024/12/05 18:01:12 [notice] 1#1: signal 3 (SIGQUIT) received, shutting down
2024/12/05 18:01:12 [notice] 20#20: gracefully shutting down
2024/12/05 18:01:12 [notice] 21#21: gracefully shutting down
2024/12/05 18:01:12 [notice] 26#26: gracefully shutting down
2024/12/05 18:01:12 [notice] 23#23: gracefully shutting down
2024/12/05 18:01:12 [notice] 22#22: gracefully shutting down
2024/12/05 18:01:12 [notice] 22#22: exiting
2024/12/05 18:01:12 [notice] 25#25: gracefully shutting down
2024/12/05 18:01:12 [notice] 25#25: exiting
2024/12/05 18:01:12 [notice] 24#24: gracefully shutting down
2024/12/05 18:01:12 [notice] 27#27: gracefully shutting down
2024/12/05 18:01:12 [notice] 20#20: exiting
2024/12/05 18:01:12 [notice] 21#21: exiting
2024/12/05 18:01:12 [notice] 26#26: exiting
2024/12/05 18:01:12 [notice] 21#21: exit
2024/12/05 18:01:12 [notice] 23#23: exiting
2024/12/05 18:01:12 [notice] 22#22: exit
2024/12/05 18:01:12 [notice] 25#25: exit
2024/12/05 18:01:12 [notice] 24#24: exiting
2024/12/05 18:01:12 [notice] 27#27: exiting
2024/12/05 18:01:12 [notice] 20#20: exit
2024/12/05 18:01:12 [notice] 27#27: exit
2024/12/05 18:01:12 [notice] 26#26: exit
2024/12/05 18:01:12 [notice] 23#23: exit
2024/12/05 18:01:12 [notice] 24#24: exit
2024/12/05 18:01:12 [notice] 1#1: signal 17 (SIGCHLD) received from 20
2024/12/05 18:01:12 [notice] 1#1: worker process 20 exited with code 0
2024/12/05 18:01:12 [notice] 1#1: signal 29 (SIGIO) received
2024/12/05 18:01:12 [notice] 1#1: signal 17 (SIGCHLD) received from 25
2024/12/05 18:01:12 [notice] 1#1: worker process 25 exited with code 0
2024/12/05 18:01:12 [notice] 1#1: signal 29 (SIGIO) received
2024/12/05 18:01:12 [notice] 1#1: signal 17 (SIGCHLD) received from 22
2024/12/05 18:01:12 [notice] 1#1: worker process 21 exited with code 0
2024/12/05 18:01:12 [notice] 1#1: worker process 22 exited with code 0
2024/12/05 18:01:12 [notice] 1#1: worker process 23 exited with code 0
2024/12/05 18:01:12 [notice] 1#1: worker process 24 exited with code 0
2024/12/05 18:01:12 [notice] 1#1: worker process 26 exited with code 0
2024/12/05 18:01:12 [notice] 1#1: worker process 27 exited with code 0
2024/12/05 18:01:12 [notice] 1#1: exit
2024/12/06 03:39:02 [notice] 1#1: using the "epoll" event method
2024/12/06 03:39:02 [notice] 1#1: nginx/1.27.2
2024/12/06 03:39:02 [notice] 1#1: built by gcc 12.2.0 (Debian 12.2.0-14) 
2024/12/06 03:39:02 [notice] 1#1: OS: Linux 6.6.32-linuxkit
2024/12/06 03:39:02 [notice] 1#1: getrlimit(RLIMIT_NOFILE): 1048576:1048576
2024/12/06 03:39:02 [notice] 1#1: start worker processes
2024/12/06 03:39:02 [notice] 1#1: start worker process 20
2024/12/06 03:39:02 [notice] 1#1: start worker process 21
2024/12/06 03:39:02 [notice] 1#1: start worker process 22
2024/12/06 03:39:02 [notice] 1#1: start worker process 23
2024/12/06 03:39:02 [notice] 1#1: start worker process 24
2024/12/06 03:39:02 [notice] 1#1: start worker process 25
2024/12/06 03:39:02 [notice] 1#1: start worker process 26
2024/12/06 03:39:02 [notice] 1#1: start worker process 27
2024/12/06 12:43:31 [notice] 1#1: signal 3 (SIGQUIT) received, shutting down
2024/12/06 12:43:31 [notice] 21#21: gracefully shutting down
2024/12/06 12:43:31 [notice] 22#22: gracefully shutting down
2024/12/06 12:43:31 [notice] 26#26: gracefully shutting down
2024/12/06 12:43:31 [notice] 23#23: gracefully shutting down
2024/12/06 12:43:31 [notice] 20#20: gracefully shutting down
2024/12/06 12:43:31 [notice] 24#24: gracefully shutting down
2024/12/06 12:43:31 [notice] 25#25: gracefully shutting down
2024/12/06 12:43:31 [notice] 27#27: gracefully shutting down
2024/12/06 12:43:31 [notice] 22#22: exiting
2024/12/06 12:43:31 [notice] 21#21: exiting
2024/12/06 12:43:31 [notice] 20#20: exiting
2024/12/06 12:43:31 [notice] 25#25: exiting
2024/12/06 12:43:31 [notice] 23#23: exiting
2024/12/06 12:43:31 [notice] 23#23: exit
2024/12/06 12:43:31 [notice] 26#26: exiting
2024/12/06 12:43:31 [notice] 20#20: exit
2024/12/06 12:43:31 [notice] 22#22: exit
2024/12/06 12:43:31 [notice] 21#21: exit
2024/12/06 12:43:31 [notice] 24#24: exiting
2024/12/06 12:43:31 [notice] 26#26: exit
2024/12/06 12:43:31 [notice] 25#25: exit
2024/12/06 12:43:31 [notice] 27#27: exiting
2024/12/06 12:43:31 [notice] 27#27: exit
2024/12/06 12:43:31 [notice] 24#24: exit
2024/12/06 12:43:31 [notice] 1#1: signal 17 (SIGCHLD) received from 23
2024/12/06 12:43:31 [notice] 1#1: worker process 23 exited with code 0
2024/12/06 12:43:31 [notice] 1#1: worker process 24 exited with code 0
2024/12/06 12:43:31 [notice] 1#1: signal 29 (SIGIO) received
2024/12/06 12:43:31 [notice] 1#1: signal 17 (SIGCHLD) received from 24
2024/12/06 12:43:31 [notice] 1#1: signal 17 (SIGCHLD) received from 21
2024/12/06 12:43:31 [notice] 1#1: worker process 21 exited with code 0
2024/12/06 12:43:31 [notice] 1#1: signal 29 (SIGIO) received
2024/12/06 12:43:31 [notice] 1#1: signal 17 (SIGCHLD) received from 22
2024/12/06 12:43:31 [notice] 1#1: worker process 20 exited with code 0
2024/12/06 12:43:31 [notice] 1#1: worker process 22 exited with code 0
2024/12/06 12:43:31 [notice] 1#1: worker process 25 exited with code 0
2024/12/06 12:43:31 [notice] 1#1: worker process 27 exited with code 0
2024/12/06 12:43:31 [notice] 1#1: signal 29 (SIGIO) received
2024/12/06 12:43:31 [notice] 1#1: signal 17 (SIGCHLD) received from 26
2024/12/06 12:43:31 [notice] 1#1: worker process 26 exited with code 0
2024/12/06 12:43:31 [notice] 1#1: exit
2024/12/07 05:29:30 [notice] 1#1: using the "epoll" event method
2024/12/07 05:29:30 [notice] 1#1: nginx/1.27.2
2024/12/07 05:29:30 [notice] 1#1: built by gcc 12.2.0 (Debian 12.2.0-14) 
2024/12/07 05:29:30 [notice] 1#1: OS: Linux 6.6.32-linuxkit
2024/12/07 05:29:30 [notice] 1#1: getrlimit(RLIMIT_NOFILE): 1048576:1048576
2024/12/07 05:29:30 [notice] 1#1: start worker processes
2024/12/07 05:29:30 [notice] 1#1: start worker process 20
2024/12/07 05:29:30 [notice] 1#1: start worker process 21
2024/12/07 05:29:30 [notice] 1#1: start worker process 22
2024/12/07 05:29:30 [notice] 1#1: start worker process 23
2024/12/07 05:29:30 [notice] 1#1: start worker process 24
2024/12/07 05:29:30 [notice] 1#1: start worker process 25
2024/12/07 05:29:30 [notice] 1#1: start worker process 26
2024/12/07 05:29:30 [notice] 1#1: start worker process 27
2024/12/07 08:16:56 [notice] 1#1: using the "epoll" event method
2024/12/07 08:16:56 [notice] 1#1: nginx/1.27.2
2024/12/07 08:16:56 [notice] 1#1: built by gcc 12.2.0 (Debian 12.2.0-14) 
2024/12/07 08:16:56 [notice] 1#1: OS: Linux 6.6.32-linuxkit
2024/12/07 08:16:56 [notice] 1#1: getrlimit(RLIMIT_NOFILE): 1048576:1048576
2024/12/07 08:16:56 [notice] 1#1: start worker processes
2024/12/07 08:16:56 [notice] 1#1: start worker process 20
2024/12/07 08:16:56 [notice] 1#1: start worker process 21
2024/12/07 08:16:56 [notice] 1#1: start worker process 22
2024/12/07 08:16:56 [notice] 1#1: start worker process 23
2024/12/07 08:16:56 [notice] 1#1: start worker process 24
2024/12/07 08:16:56 [notice] 1#1: start worker process 25
2024/12/07 08:16:56 [notice] 1#1: start worker process 26
2024/12/07 08:16:56 [notice] 1#1: start worker process 27
2024/12/07 12:29:06 [notice] 1#1: signal 3 (SIGQUIT) received, shutting down
2024/12/07 12:29:06 [notice] 20#20: gracefully shutting down
2024/12/07 12:29:06 [notice] 27#27: gracefully shutting down
2024/12/07 12:29:06 [notice] 21#21: gracefully shutting down
2024/12/07 12:29:06 [notice] 23#23: gracefully shutting down
2024/12/07 12:29:06 [notice] 25#25: gracefully shutting down
2024/12/07 12:29:06 [notice] 26#26: gracefully shutting down
2024/12/07 12:29:06 [notice] 24#24: gracefully shutting down
2024/12/07 12:29:06 [notice] 22#22: gracefully shutting down
2024/12/07 12:29:06 [notice] 23#23: exiting
2024/12/07 12:29:06 [notice] 27#27: exiting
2024/12/07 12:29:06 [notice] 26#26: exiting
2024/12/07 12:29:06 [notice] 20#20: exiting
2024/12/07 12:29:06 [notice] 21#21: exiting
2024/12/07 12:29:06 [notice] 21#21: exit
2024/12/07 12:29:06 [notice] 25#25: exiting
2024/12/07 12:29:06 [notice] 24#24: exiting
2024/12/07 12:29:06 [notice] 23#23: exit
2024/12/07 12:29:06 [notice] 25#25: exit
2024/12/07 12:29:06 [notice] 27#27: exit
2024/12/07 12:29:06 [notice] 26#26: exit
2024/12/07 12:29:06 [notice] 20#20: exit
2024/12/07 12:29:06 [notice] 22#22: exiting
2024/12/07 12:29:06 [notice] 22#22: exit
2024/12/07 12:29:06 [notice] 24#24: exit
2024/12/07 12:29:06 [notice] 1#1: signal 17 (SIGCHLD) received from 24
2024/12/07 12:29:06 [notice] 1#1: worker process 22 exited with code 0
2024/12/07 12:29:06 [notice] 1#1: worker process 24 exited with code 0
2024/12/07 12:29:06 [notice] 1#1: worker process 25 exited with code 0
2024/12/07 12:29:06 [notice] 1#1: worker process 27 exited with code 0
2024/12/07 12:29:06 [notice] 1#1: signal 29 (SIGIO) received
2024/12/07 12:29:06 [notice] 1#1: signal 17 (SIGCHLD) received from 26
2024/12/07 12:29:06 [notice] 1#1: worker process 20 exited with code 0
2024/12/07 12:29:06 [notice] 1#1: worker process 26 exited with code 0
2024/12/07 12:29:06 [notice] 1#1: worker process 21 exited with code 0
2024/12/07 12:29:06 [notice] 1#1: worker process 23 exited with code 0
2024/12/07 12:29:06 [notice] 1#1: exit
2024/12/07 16:35:27 [notice] 1#1: using the "epoll" event method
2024/12/07 16:35:27 [notice] 1#1: nginx/1.27.2
2024/12/07 16:35:27 [notice] 1#1: built by gcc 12.2.0 (Debian 12.2.0-14) 
2024/12/07 16:35:27 [notice] 1#1: OS: Linux 6.6.32-linuxkit
2024/12/07 16:35:27 [notice] 1#1: getrlimit(RLIMIT_NOFILE): 1048576:1048576
2024/12/07 16:35:27 [notice] 1#1: start worker processes
2024/12/07 16:35:27 [notice] 1#1: start worker process 20
2024/12/07 16:35:27 [notice] 1#1: start worker process 21
2024/12/07 16:35:27 [notice] 1#1: start worker process 22
2024/12/07 16:35:27 [notice] 1#1: start worker process 23
2024/12/07 16:35:27 [notice] 1#1: start worker process 24
2024/12/07 16:35:27 [notice] 1#1: start worker process 25
2024/12/07 16:35:27 [notice] 1#1: start worker process 26
2024/12/07 16:35:27 [notice] 1#1: start worker process 27
2024/12/07 16:58:35 [notice] 1#1: signal 3 (SIGQUIT) received, shutting down
2024/12/07 16:58:35 [notice] 21#21: gracefully shutting down
2024/12/07 16:58:35 [notice] 23#23: gracefully shutting down
2024/12/07 16:58:35 [notice] 23#23: exiting
2024/12/07 16:58:35 [notice] 25#25: gracefully shutting down
2024/12/07 16:58:35 [notice] 22#22: gracefully shutting down
2024/12/07 16:58:35 [notice] 26#26: gracefully shutting down
2024/12/07 16:58:35 [notice] 26#26: exiting
2024/12/07 16:58:35 [notice] 24#24: gracefully shutting down
2024/12/07 16:58:35 [notice] 24#24: exiting
2024/12/07 16:58:35 [notice] 27#27: gracefully shutting down
2024/12/07 16:58:35 [notice] 20#20: gracefully shutting down
2024/12/07 16:58:35 [notice] 21#21: exiting
2024/12/07 16:58:35 [notice] 23#23: exit
2024/12/07 16:58:35 [notice] 25#25: exiting
2024/12/07 16:58:35 [notice] 22#22: exiting
2024/12/07 16:58:35 [notice] 26#26: exit
2024/12/07 16:58:35 [notice] 24#24: exit
2024/12/07 16:58:35 [notice] 27#27: exiting
2024/12/07 16:58:35 [notice] 27#27: exit
2024/12/07 16:58:35 [notice] 20#20: exiting
2024/12/07 16:58:35 [notice] 20#20: exit
2024/12/07 16:58:35 [notice] 21#21: exit
2024/12/07 16:58:35 [notice] 25#25: exit
2024/12/07 16:58:35 [notice] 22#22: exit
2024/12/07 16:58:35 [notice] 1#1: signal 17 (SIGCHLD) received from 23
2024/12/07 16:58:35 [notice] 1#1: worker process 23 exited with code 0
2024/12/07 16:58:35 [notice] 1#1: worker process 24 exited with code 0
2024/12/07 16:58:35 [notice] 1#1: signal 29 (SIGIO) received
2024/12/07 16:58:35 [notice] 1#1: signal 17 (SIGCHLD) received from 27
2024/12/07 16:58:35 [notice] 1#1: worker process 20 exited with code 0
2024/12/07 16:58:35 [notice] 1#1: worker process 21 exited with code 0
2024/12/07 16:58:35 [notice] 1#1: worker process 26 exited with code 0
2024/12/07 16:58:35 [notice] 1#1: worker process 27 exited with code 0
2024/12/07 16:58:35 [notice] 1#1: signal 29 (SIGIO) received
2024/12/07 16:58:35 [notice] 1#1: signal 17 (SIGCHLD) received from 25
2024/12/07 16:58:35 [notice] 1#1: worker process 22 exited with code 0
2024/12/07 16:58:35 [notice] 1#1: worker process 25 exited with code 0
2024/12/07 16:58:35 [notice] 1#1: exit
2024/12/08 05:45:56 [notice] 1#1: using the "epoll" event method
2024/12/08 05:45:56 [notice] 1#1: nginx/1.27.2
2024/12/08 05:45:56 [notice] 1#1: built by gcc 12.2.0 (Debian 12.2.0-14) 
2024/12/08 05:45:56 [notice] 1#1: OS: Linux 6.6.32-linuxkit
2024/12/08 05:45:56 [notice] 1#1: getrlimit(RLIMIT_NOFILE): 1048576:1048576
2024/12/08 05:45:56 [notice] 1#1: start worker processes
2024/12/08 05:45:56 [notice] 1#1: start worker process 20
2024/12/08 05:45:56 [notice] 1#1: start worker process 21
2024/12/08 05:45:56 [notice] 1#1: start worker process 22
2024/12/08 05:45:56 [notice] 1#1: start worker process 23
2024/12/08 05:45:56 [notice] 1#1: start worker process 24
2024/12/08 05:45:56 [notice] 1#1: start worker process 25
2024/12/08 05:45:56 [notice] 1#1: start worker process 26
2024/12/08 05:45:56 [notice] 1#1: start worker process 27
2024/12/08 15:50:34 [notice] 1#1: signal 3 (SIGQUIT) received, shutting down
2024/12/08 15:50:34 [notice] 21#21: gracefully shutting down
2024/12/08 15:50:34 [notice] 22#22: gracefully shutting down
2024/12/08 15:50:34 [notice] 23#23: gracefully shutting down
2024/12/08 15:50:34 [notice] 24#24: gracefully shutting down
2024/12/08 15:50:34 [notice] 20#20: gracefully shutting down
2024/12/08 15:50:34 [notice] 21#21: exiting
2024/12/08 15:50:34 [notice] 22#22: exiting
2024/12/08 15:50:34 [notice] 26#26: gracefully shutting down
2024/12/08 15:50:34 [notice] 27#27: gracefully shutting down
2024/12/08 15:50:34 [notice] 25#25: gracefully shutting down
2024/12/08 15:50:34 [notice] 21#21: exit
2024/12/08 15:50:34 [notice] 20#20: exiting
2024/12/08 15:50:34 [notice] 20#20: exit
2024/12/08 15:50:34 [notice] 24#24: exiting
2024/12/08 15:50:34 [notice] 23#23: exiting
2024/12/08 15:50:34 [notice] 22#22: exit
2024/12/08 15:50:34 [notice] 26#26: exiting
2024/12/08 15:50:34 [notice] 27#27: exiting
2024/12/08 15:50:34 [notice] 25#25: exiting
2024/12/08 15:50:34 [notice] 26#26: exit
2024/12/08 15:50:34 [notice] 24#24: exit
2024/12/08 15:50:34 [notice] 27#27: exit
2024/12/08 15:50:34 [notice] 25#25: exit
2024/12/08 15:50:34 [notice] 23#23: exit
2024/12/08 15:50:34 [notice] 1#1: signal 17 (SIGCHLD) received from 25
2024/12/08 15:50:34 [notice] 1#1: worker process 24 exited with code 0
2024/12/08 15:50:34 [notice] 1#1: worker process 25 exited with code 0
2024/12/08 15:50:34 [notice] 1#1: signal 29 (SIGIO) received
2024/12/08 15:50:34 [notice] 1#1: signal 17 (SIGCHLD) received from 21
2024/12/08 15:50:34 [notice] 1#1: worker process 21 exited with code 0
2024/12/08 15:50:34 [notice] 1#1: signal 29 (SIGIO) received
2024/12/08 15:50:34 [notice] 1#1: signal 17 (SIGCHLD) received from 27
2024/12/08 15:50:34 [notice] 1#1: worker process 27 exited with code 0
2024/12/08 15:50:34 [notice] 1#1: signal 29 (SIGIO) received
2024/12/08 15:50:34 [notice] 1#1: signal 17 (SIGCHLD) received from 26
2024/12/08 15:50:34 [notice] 1#1: worker process 22 exited with code 0
2024/12/08 15:50:34 [notice] 1#1: worker process 26 exited with code 0
2024/12/08 15:50:34 [notice] 1#1: signal 29 (SIGIO) received
2024/12/08 15:50:34 [notice] 1#1: signal 17 (SIGCHLD) received from 22
2024/12/08 15:50:34 [notice] 1#1: signal 17 (SIGCHLD) received from 20
2024/12/08 15:50:34 [notice] 1#1: worker process 20 exited with code 0
2024/12/08 15:50:34 [notice] 1#1: signal 17 (SIGCHLD) received from 23
2024/12/08 15:50:34 [notice] 1#1: worker process 23 exited with code 0
2024/12/08 15:50:34 [notice] 1#1: exit
2024/12/08 18:39:29 [notice] 1#1: using the "epoll" event method
2024/12/08 18:39:29 [notice] 1#1: nginx/1.27.2
2024/12/08 18:39:29 [notice] 1#1: built by gcc 12.2.0 (Debian 12.2.0-14) 
2024/12/08 18:39:29 [notice] 1#1: OS: Linux 6.6.32-linuxkit
2024/12/08 18:39:29 [notice] 1#1: getrlimit(RLIMIT_NOFILE): 1048576:1048576
2024/12/08 18:39:29 [notice] 1#1: start worker processes
2024/12/08 18:39:29 [notice] 1#1: start worker process 20
2024/12/08 18:39:29 [notice] 1#1: start worker process 21
2024/12/08 18:39:29 [notice] 1#1: start worker process 22
2024/12/08 18:39:29 [notice] 1#1: start worker process 23
2024/12/08 18:39:29 [notice] 1#1: start worker process 24
2024/12/08 18:39:29 [notice] 1#1: start worker process 25
2024/12/08 18:39:29 [notice] 1#1: start worker process 26
2024/12/08 18:39:29 [notice] 1#1: start worker process 27
2024/12/08 21:00:53 [notice] 1#1: signal 3 (SIGQUIT) received, shutting down
2024/12/08 21:00:53 [notice] 22#22: gracefully shutting down
2024/12/08 21:00:53 [notice] 20#20: gracefully shutting down
2024/12/08 21:00:53 [notice] 27#27: gracefully shutting down
2024/12/08 21:00:53 [notice] 23#23: gracefully shutting down
2024/12/08 21:00:53 [notice] 24#24: gracefully shutting down
2024/12/08 21:00:53 [notice] 24#24: exiting
2024/12/08 21:00:53 [notice] 21#21: gracefully shutting down
2024/12/08 21:00:53 [notice] 25#25: gracefully shutting down
2024/12/08 21:00:53 [notice] 26#26: gracefully shutting down
2024/12/08 21:00:53 [notice] 20#20: exiting
2024/12/08 21:00:53 [notice] 22#22: exiting
2024/12/08 21:00:53 [notice] 22#22: exit
2024/12/08 21:00:53 [notice] 27#27: exiting
2024/12/08 21:00:53 [notice] 23#23: exiting
2024/12/08 21:00:53 [notice] 27#27: exit
2024/12/08 21:00:53 [notice] 21#21: exiting
2024/12/08 21:00:53 [notice] 21#21: exit
2024/12/08 21:00:53 [notice] 24#24: exit
2024/12/08 21:00:53 [notice] 25#25: exiting
2024/12/08 21:00:53 [notice] 26#26: exiting
2024/12/08 21:00:53 [notice] 20#20: exit
2024/12/08 21:00:53 [notice] 23#23: exit
2024/12/08 21:00:53 [notice] 25#25: exit
2024/12/08 21:00:53 [notice] 26#26: exit
2024/12/08 21:00:53 [notice] 1#1: signal 17 (SIGCHLD) received from 24
2024/12/08 21:00:53 [notice] 1#1: worker process 22 exited with code 0
2024/12/08 21:00:53 [notice] 1#1: worker process 24 exited with code 0
2024/12/08 21:00:53 [notice] 1#1: worker process 26 exited with code 0
2024/12/08 21:00:53 [notice] 1#1: worker process 27 exited with code 0
2024/12/08 21:00:53 [notice] 1#1: signal 29 (SIGIO) received
2024/12/08 21:00:53 [notice] 1#1: signal 17 (SIGCHLD) received from 22
2024/12/08 21:00:53 [notice] 1#1: signal 17 (SIGCHLD) received from 20
2024/12/08 21:00:53 [notice] 1#1: worker process 20 exited with code 0
2024/12/08 21:00:53 [notice] 1#1: worker process 21 exited with code 0
2024/12/08 21:00:53 [notice] 1#1: worker process 23 exited with code 0
2024/12/08 21:00:53 [notice] 1#1: worker process 25 exited with code 0
2024/12/08 21:00:53 [notice] 1#1: exit
2024/12/10 04:09:01 [notice] 1#1: using the "epoll" event method
2024/12/10 04:09:01 [notice] 1#1: nginx/1.27.2
2024/12/10 04:09:01 [notice] 1#1: built by gcc 12.2.0 (Debian 12.2.0-14) 
2024/12/10 04:09:01 [notice] 1#1: OS: Linux 6.6.32-linuxkit
2024/12/10 04:09:01 [notice] 1#1: getrlimit(RLIMIT_NOFILE): 1048576:1048576
2024/12/10 04:09:01 [notice] 1#1: start worker processes
2024/12/10 04:09:01 [notice] 1#1: start worker process 20
2024/12/10 04:09:01 [notice] 1#1: start worker process 21
2024/12/10 04:09:01 [notice] 1#1: start worker process 22
2024/12/10 04:09:01 [notice] 1#1: start worker process 23
2024/12/10 04:09:01 [notice] 1#1: start worker process 24
2024/12/10 04:09:01 [notice] 1#1: start worker process 25
2024/12/10 04:09:01 [notice] 1#1: start worker process 26
2024/12/10 04:09:01 [notice] 1#1: start worker process 27
2024/12/10 13:04:12 [notice] 1#1: signal 3 (SIGQUIT) received, shutting down
2024/12/10 13:04:12 [notice] 20#20: gracefully shutting down
2024/12/10 13:04:12 [notice] 24#24: gracefully shutting down
2024/12/10 13:04:12 [notice] 21#21: gracefully shutting down
2024/12/10 13:04:12 [notice] 20#20: exiting
2024/12/10 13:04:12 [notice] 20#20: exit
2024/12/10 13:04:12 [notice] 23#23: gracefully shutting down
2024/12/10 13:04:12 [notice] 23#23: exiting
2024/12/10 13:04:12 [notice] 22#22: gracefully shutting down
2024/12/10 13:04:12 [notice] 25#25: gracefully shutting down
2024/12/10 13:04:12 [notice] 26#26: gracefully shutting down
2024/12/10 13:04:12 [notice] 26#26: exiting
2024/12/10 13:04:12 [notice] 27#27: gracefully shutting down
2024/12/10 13:04:12 [notice] 26#26: exit
2024/12/10 13:04:12 [notice] 21#21: exiting
2024/12/10 13:04:12 [notice] 21#21: exit
2024/12/10 13:04:12 [notice] 24#24: exiting
2024/12/10 13:04:12 [notice] 24#24: exit
2024/12/10 13:04:12 [notice] 23#23: exit
2024/12/10 13:04:12 [notice] 22#22: exiting
2024/12/10 13:04:12 [notice] 22#22: exit
2024/12/10 13:04:12 [notice] 25#25: exiting
2024/12/10 13:04:12 [notice] 27#27: exiting
2024/12/10 13:04:12 [notice] 25#25: exit
2024/12/10 13:04:12 [notice] 27#27: exit
2024/12/10 13:04:12 [notice] 1#1: signal 17 (SIGCHLD) received from 20
2024/12/10 13:04:12 [notice] 1#1: worker process 20 exited with code 0
2024/12/10 13:04:12 [notice] 1#1: worker process 26 exited with code 0
2024/12/10 13:04:12 [notice] 1#1: signal 29 (SIGIO) received
2024/12/10 13:04:12 [notice] 1#1: signal 17 (SIGCHLD) received from 22
2024/12/10 13:04:12 [notice] 1#1: worker process 22 exited with code 0
2024/12/10 13:04:12 [notice] 1#1: signal 29 (SIGIO) received
2024/12/10 13:04:12 [notice] 1#1: signal 17 (SIGCHLD) received from 27
2024/12/10 13:04:12 [notice] 1#1: worker process 21 exited with code 0
2024/12/10 13:04:12 [notice] 1#1: worker process 27 exited with code 0
2024/12/10 13:04:12 [notice] 1#1: signal 29 (SIGIO) received
2024/12/10 13:04:12 [notice] 1#1: signal 17 (SIGCHLD) received from 25
2024/12/10 13:04:12 [notice] 1#1: worker process 25 exited with code 0
2024/12/10 13:04:12 [notice] 1#1: signal 29 (SIGIO) received
2024/12/10 13:04:12 [notice] 1#1: signal 17 (SIGCHLD) received from 23
2024/12/10 13:04:12 [notice] 1#1: worker process 23 exited with code 0
2024/12/10 13:04:12 [notice] 1#1: signal 29 (SIGIO) received
2024/12/10 13:04:12 [notice] 1#1: signal 17 (SIGCHLD) received from 24
2024/12/10 13:04:12 [notice] 1#1: worker process 24 exited with code 0
2024/12/10 13:04:12 [notice] 1#1: exit
2024/12/10 14:30:24 [notice] 1#1: using the "epoll" event method
2024/12/10 14:30:24 [notice] 1#1: nginx/1.27.2
2024/12/10 14:30:24 [notice] 1#1: built by gcc 12.2.0 (Debian 12.2.0-14) 
2024/12/10 14:30:24 [notice] 1#1: OS: Linux 6.6.32-linuxkit
2024/12/10 14:30:24 [notice] 1#1: getrlimit(RLIMIT_NOFILE): 1048576:1048576
2024/12/10 14:30:24 [notice] 1#1: start worker processes
2024/12/10 14:30:24 [notice] 1#1: start worker process 20
2024/12/10 14:30:24 [notice] 1#1: start worker process 21
2024/12/10 14:30:24 [notice] 1#1: start worker process 22
2024/12/10 14:30:24 [notice] 1#1: start worker process 23
2024/12/10 14:30:24 [notice] 1#1: start worker process 24
2024/12/10 14:30:24 [notice] 1#1: start worker process 25
2024/12/10 14:30:24 [notice] 1#1: start worker process 26
2024/12/10 14:30:24 [notice] 1#1: start worker process 27
